
Showing logs for build [32mjenkins-x-labs-bot-bdd-gh-15862-k96vw-1[0m stage [32mfrom-build-pack[0m and container [32mstep-credential-initializer-n894m[0m
{"level":"warn","ts":1586239889.8917003,"logger":"fallback-logger","caller":"logging/config.go:69","msg":"Fetch GitHub commit ID from kodata failed: \"ref: refs/heads/0.8.0-**-support-backwards-incompats\" is not a valid GitHub commit ID"}
{"level":"info","ts":1586239889.8923042,"logger":"fallback-logger","caller":"creds-init/main.go:40","msg":"Credentials initialized."}

Showing logs for build [32mjenkins-x-labs-bot-bdd-gh-15862-k96vw-1[0m stage [32mfrom-build-pack[0m and container [32mstep-working-dir-initializer-vcbrb[0m
{"level":"warn","ts":1586239890.54431,"logger":"fallback-logger","caller":"logging/config.go:69","msg":"Fetch GitHub commit ID from kodata failed: open /var/run/ko/HEAD: no such file or directory"}
{"level":"info","ts":1586239890.5482092,"logger":"fallback-logger","caller":"bash/main.go:64","msg":"Successfully executed command \"sh -c mkdir -p /workspace/source\"; output "}

Showing logs for build [32mjenkins-x-labs-bot-bdd-gh-15862-k96vw-1[0m stage [32mfrom-build-pack[0m and container [32mstep-place-tools[0m

Showing logs for build [32mjenkins-x-labs-bot-bdd-gh-15862-k96vw-1[0m stage [32mfrom-build-pack[0m and container [32mstep-git-source-jenkins-x-labs-bot-bdd-gh-15862-k96vw-c6w9h[0m
{"level":"warn","ts":1586239964.714153,"logger":"fallback-logger","caller":"logging/config.go:69","msg":"Fetch GitHub commit ID from kodata failed: \"ref: refs/heads/0.8.0-**-support-backwards-incompats\" is not a valid GitHub commit ID"}
{"level":"info","ts":1586239965.986358,"logger":"fallback-logger","caller":"git/git.go:103","msg":"Successfully cloned https://github.com/******************/bdd-gh-1586239812.git @ v0.0.1 in path /workspace/source"}

Showing logs for build [32mjenkins-x-labs-bot-bdd-gh-15862-k96vw-1[0m stage [32mfrom-build-pack[0m and container [32mstep-git-merge[0m
Using SHAs from PULL_REFS=master:
WARNING: no SHAs to merge, falling back to initial cloned commit

Showing logs for build [32mjenkins-x-labs-bot-bdd-gh-15862-k96vw-1[0m stage [32mfrom-build-pack[0m and container [32mstep-setup-jx-git-credentials[0m
Generated Git credentials file /workspace/xdg_config/git/credentials

Showing logs for build [32mjenkins-x-labs-bot-bdd-gh-15862-k96vw-1[0m stage [32mfrom-build-pack[0m and container [32mstep-build-make-build[0m
CGO_ENABLED=0 GO15VENDOREXPERIMENT=1 go build -ldflags '' -o bin/bdd-gh-1586239812 main.go

Showing logs for build [32mjenkins-x-labs-bot-bdd-gh-15862-k96vw-1[0m stage [32mfrom-build-pack[0m and container [32mstep-build-container-build[0m
ERROR: logging before flag.Parse: E0407 06:12:59.396022      12 metadata.go:241] Failed to unmarshal scopes: invalid character 'h' looking for beginning of value
[36mINFO[0m[0000] No base image, nothing to extract            
[36mINFO[0m[0000] cmd: EXPOSE                                  
[36mINFO[0m[0000] Adding exposed port: 8080/tcp                
[36mINFO[0m[0000] Using files from context: [/workspace/source/bin] 
[36mINFO[0m[0000] Skipping unpacking as no commands require it. 
[36mINFO[0m[0000] Taking snapshot of full filesystem...        
[36mINFO[0m[0000] EXPOSE 8080                                  
[36mINFO[0m[0000] cmd: EXPOSE                                  
[36mINFO[0m[0000] Adding exposed port: 8080/tcp                
[36mINFO[0m[0000] No files changed in this command, skipping snapshotting. 
[36mINFO[0m[0000] ENTRYPOINT ["/bdd-gh-1586239812"]            
[36mINFO[0m[0000] No files changed in this command, skipping snapshotting. 
[36mINFO[0m[0000] Using files from context: [/workspace/source/bin] 
[36mINFO[0m[0000] COPY ./bin/ /                                
[36mINFO[0m[0000] Taking snapshot of files...                  
2020/04/07 06:13:03 pushed blob: sha256:ca5d1070ffaaf88146483ffe0838c7254dbbb4d0db548485473e81126bbc7bc0
2020/04/07 06:13:03 pushed blob: sha256:41a7343d77deb7aa9455164625956fae38c3c6e71449114049f9ecb7e6fcd614
2020/04/07 06:13:05 gcr.io/jenkins-x-labs-bdd/bdd-gh-1586239812:0.0.1: digest: sha256:61e36def053cf01fd42d48d2fc224eedd263fb996a8dad856d764c46dba12f0a size: 428

Showing logs for build [32mjenkins-x-labs-bot-bdd-gh-15862-k96vw-1[0m stage [32mfrom-build-pack[0m and container [32mstep-build-post-build[0m
no CVE provider running in the current ** namespace so skip adding image to be analysed

Showing logs for build [32mjenkins-x-labs-bot-bdd-gh-15862-k96vw-1[0m stage [32mfrom-build-pack[0m and container [32mstep-promote-changelog[0m
Converted /workspace/source/charts/bdd-gh-1586239812 to an unshallow repository
Generating change log from git ref 966df5e398be2bdf8e54ebc6f80016c52bf5305b => 33d5021b7ac7e2d4250169c6125ba9bf52aab18d
Associating user x-0 in users.jenkins.io with email jenkins-x@googlegroups.com to git GitProvider user with login -0 as emails match
Adding label jenkins.io/git-github-userid=-0 to user x-0 in users.jenkins.io
WARNING: Failed to enrich commit 15a5cceea8c22064169133bde48f1c188615ce19 with issues: User.jenkins.io "x-0" is invalid: metadata.labels: Invalid value: "-0": a valid label must be an empty string or consist of alphanumeric characters, '-', '_' or '.', and must start and end with an alphanumeric character (e.g. 'MyValue',  or 'my_value',  or '12345', regex used for validation is '(([A-Za-z0-9][-A-Za-z0-9_.]*)?[A-Za-z0-9])?')
Finding issues in commit messages using git format
WARNING: No release found for ******************/bdd-gh-1586239812 and tag v0.0.1 so creating a new release
Updated the release information at https://github.com/******************/bdd-gh-1586239812/releases/tag/v0.0.1
generated: /workspace/source/charts/bdd-gh-1586239812/templates/release.yaml
Created Release bdd-gh-1586239812-0-0-1 resource in namespace **
Updating PipelineActivity ******************-bdd-gh-1586239812-master-1 with version 0.0.1
Updated PipelineActivities ******************-bdd-gh-1586239812-master-1 with release notes URL: https://github.com/******************/bdd-gh-1586239812/releases/tag/v0.0.1

Showing logs for build [32mjenkins-x-labs-bot-bdd-gh-15862-k96vw-1[0m stage [32mfrom-build-pack[0m and container [32mstep-promote-helm-release[0m
WARNING: No $CHART_REPOSITORY defined so using the default value of: http://jenkins-x-chartmuseum:8080
Adding missing Helm repo: storage.googleapis.com https://storage.googleapis.com/chartmuseum.jenkins-x.io
Successfully added Helm repository storage.googleapis.com.
Adding missing Helm repo: jenkins-x-chartmuseum http://jenkins-x-chartmuseum:8080
Successfully added Helm repository jenkins-x-chartmuseum.
WARNING: No $CHART_REPOSITORY defined so using the default value of: http://jenkins-x-chartmuseum:8080
Uploading chart file bdd-gh-1586239812-0.0.1.tgz to http://jenkins-x-chartmuseum:8080/api/charts
Received 201 response: {"saved":true}

Showing logs for build [32mjenkins-x-labs-bot-bdd-gh-15862-k96vw-1[0m stage [32mfrom-build-pack[0m and container [32mstep-promote-jx-promote[0m
WARNING: prow based install so skip waiting for the merge of Pull Requests to go green as currently there is an issue with gettingstatuses from the PR, see https://github.com/jenkins-x/**/issues/2410
WARNING: No $CHART_REPOSITORY defined so using the default value of: http://jenkins-x-chartmuseum:8080
Promoting app bdd-gh-1586239812 version 0.0.1 to namespace **-staging
WARNING: could not find upstream git URL failed to unmarshal  due to no GitConfDir defined
Created Pull Request: https://github.com/******************/environment-pr-74-6-mc-staging/pull/1
Added label updatebot to Pull Request https://github.com/******************/environment-pr-74-6-mc-staging/pull/1
got git provider status pending from PR https://github.com/******************/environment-pr-74-6-mc-staging/pull/1
got git provider status pending from PR https://github.com/******************/environment-pr-74-6-mc-staging/pull/1
got git provider status pending from PR https://github.com/******************/environment-pr-74-6-mc-staging/pull/1
got git provider status pending from PR https://github.com/******************/environment-pr-74-6-mc-staging/pull/1
Pull Request https://github.com/******************/environment-pr-74-6-mc-staging/pull/1 is merged at sha 532d66993b133c4c62e60eb3ba069284036c4584
Pull Request merged but we are not waiting for the update pipeline to complete!
WARNING: Could not find the service URL in namespace **-staging for names bdd-gh-1586239812, **-bdd-gh-1586239812, **-staging-bdd-gh-1586239812
